# JRE version: Java(TM) SE Runtime Environment (7.0_80-b15) (build 1.7.0_80-b15)
# Java VM: Java HotSpot(TM) 64-Bit Server VM (24.80-b11 mixed mode linux-amd64 compressed oops)
Heap
 PSYoungGen      total 209408K, used 26506K [0x00000000eaa80000, 0x00000000fa400000, 0x0000000100000000)
  eden space 174592K, 0% used [0x00000000eaa80000,0x00000000eaa80000,0x00000000f5500000)
  from space 34816K, 76% used [0x00000000f6000000,0x00000000f79e2bb0,0x00000000f8200000)
  to   space 28160K, 0% used [0x00000000f8880000,0x00000000f8880000,0x00000000fa400000)
 ParOldGen       total 74240K, used 72500K [0x00000000c0000000, 0x00000000c4880000, 0x00000000eaa80000)
  object space 74240K, 97% used [0x00000000c0000000,0x00000000c46cd1b0,0x00000000c4880000)
 PSPermGen       total 21504K, used 6032K [0x00000000bae00000, 0x00000000bc300000, 0x00000000c0000000)
  object space 21504K, 28% used [0x00000000bae00000,0x00000000bb3e4190,0x00000000bc300000)
GC Heap History (10 events):
Event: 4,490 GC heap after
Heap after GC invocations=7 (full 0):
 PSYoungGen      total 74752K, used 10727K [0x00000000eaa80000, 0x00000000f4780000, 0x0000000100000000)
  eden space 64000K, 0% used [0x00000000eaa80000,0x00000000eaa80000,0x00000000ee900000)
  from space 10752K, 99% used [0x00000000ee900000,0x00000000ef379e90,0x00000000ef380000)
  to   space 16384K, 0% used [0x00000000f3780000,0x00000000f3780000,0x00000000f4780000)
 ParOldGen       total 41984K, used 18453K [0x00000000c0000000, 0x00000000c2900000, 0x00000000eaa80000)
  object space 41984K, 43% used [0x00000000c0000000,0x00000000c1205570,0x00000000c2900000)
 PSPermGen       total 21504K, used 5924K [0x00000000bae00000, 0x00000000bc300000, 0x00000000c0000000)
  object space 21504K, 27% used [0x00000000bae00000,0x00000000bb3c9068,0x00000000bc300000)
}
Event: 5,305 GC heap before
{Heap before GC invocations=8 (full 0):
 PSYoungGen      total 74752K, used 74727K [0x00000000eaa80000, 0x00000000f4780000, 0x0000000100000000)
  eden space 64000K, 100% used [0x00000000eaa80000,0x00000000ee900000,0x00000000ee900000)
  from space 10752K, 99% used [0x00000000ee900000,0x00000000ef379e90,0x00000000ef380000)
  to   space 16384K, 0% used [0x00000000f3780000,0x00000000f3780000,0x00000000f4780000)
 ParOldGen       total 41984K, used 18453K [0x00000000c0000000, 0x00000000c2900000, 0x00000000eaa80000)
  object space 41984K, 43% used [0x00000000c0000000,0x00000000c1205570,0x00000000c2900000)
 PSPermGen       total 21504K, used 5946K [0x00000000bae00000, 0x00000000bc300000, 0x00000000c0000000)
  object space 21504K, 27% used [0x00000000bae00000,0x00000000bb3ce880,0x00000000bc300000)
Event: 5,560 GC heap after
Heap after GC invocations=8 (full 0):
 PSYoungGen      total 139264K, used 16381K [0x00000000eaa80000, 0x00000000f5180000, 0x0000000100000000)
  eden space 122880K, 0% used [0x00000000eaa80000,0x00000000eaa80000,0x00000000f2280000)
  from space 16384K, 99% used [0x00000000f3780000,0x00000000f477f690,0x00000000f4780000)
  to   space 21504K, 0% used [0x00000000f2280000,0x00000000f2280000,0x00000000f3780000)
 ParOldGen       total 41984K, used 23381K [0x00000000c0000000, 0x00000000c2900000, 0x00000000eaa80000)
  object space 41984K, 55% used [0x00000000c0000000,0x00000000c16d5558,0x00000000c2900000)
 PSPermGen       total 21504K, used 5946K [0x00000000bae00000, 0x00000000bc300000, 0x00000000c0000000)
  object space 21504K, 27% used [0x00000000bae00000,0x00000000bb3ce880,0x00000000bc300000)
}
Event: 7,052 GC heap before
{Heap before GC invocations=9 (full 0):
 PSYoungGen      total 139264K, used 139261K [0x00000000eaa80000, 0x00000000f5180000, 0x0000000100000000)
  eden space 122880K, 100% used [0x00000000eaa80000,0x00000000f2280000,0x00000000f2280000)
  from space 16384K, 99% used [0x00000000f3780000,0x00000000f477f690,0x00000000f4780000)
  to   space 21504K, 0% used [0x00000000f2280000,0x00000000f2280000,0x00000000f3780000)
 ParOldGen       total 41984K, used 23381K [0x00000000c0000000, 0x00000000c2900000, 0x00000000eaa80000)
  object space 41984K, 55% used [0x00000000c0000000,0x00000000c16d5558,0x00000000c2900000)
 PSPermGen       total 21504K, used 6016K [0x00000000bae00000, 0x00000000bc300000, 0x00000000c0000000)
  object space 21504K, 27% used [0x00000000bae00000,0x00000000bb3e0238,0x00000000bc300000)
Event: 7,272 GC heap after
Heap after GC invocations=9 (full 0):
 PSYoungGen      total 144384K, used 21492K [0x00000000eaa80000, 0x00000000fa680000, 0x0000000100000000)
  eden space 122880K, 0% used [0x00000000eaa80000,0x00000000eaa80000,0x00000000f2280000)
  from space 21504K, 99% used [0x00000000f2280000,0x00000000f377d1a8,0x00000000f3780000)
  to   space 30720K, 0% used [0x00000000f8880000,0x00000000f8880000,0x00000000fa680000)
 ParOldGen       total 41984K, used 36683K [0x00000000c0000000, 0x00000000c2900000, 0x00000000eaa80000)
  object space 41984K, 87% used [0x00000000c0000000,0x00000000c23d2db0,0x00000000c2900000)
 PSPermGen       total 21504K, used 6016K [0x00000000bae00000, 0x00000000bc300000, 0x00000000c0000000)
  object space 21504K, 27% used [0x00000000bae00000,0x00000000bb3e0238,0x00000000bc300000)
}
Event: 7,273 GC heap before
{Heap before GC invocations=10 (full 1):
 PSYoungGen      total 144384K, used 21492K [0x00000000eaa80000, 0x00000000fa680000, 0x0000000100000000)
  eden space 122880K, 0% used [0x00000000eaa80000,0x00000000eaa80000,0x00000000f2280000)
  from space 21504K, 99% used [0x00000000f2280000,0x00000000f377d1a8,0x00000000f3780000)
  to   space 30720K, 0% used [0x00000000f8880000,0x00000000f8880000,0x00000000fa680000)
 ParOldGen       total 41984K, used 36683K [0x00000000c0000000, 0x00000000c2900000, 0x00000000eaa80000)
  object space 41984K, 87% used [0x00000000c0000000,0x00000000c23d2db0,0x00000000c2900000)
 PSPermGen       total 21504K, used 6016K [0x00000000bae00000, 0x00000000bc300000, 0x00000000c0000000)
  object space 21504K, 27% used [0x00000000bae00000,0x00000000bb3e0238,0x00000000bc300000)
Event: 7,694 GC heap after
Heap after GC invocations=10 (full 1):
 PSYoungGen      total 144384K, used 12755K [0x00000000eaa80000, 0x00000000fa680000, 0x0000000100000000)
  eden space 122880K, 0% used [0x00000000eaa80000,0x00000000eaa80000,0x00000000f2280000)
  from space 21504K, 59% used [0x00000000f2280000,0x00000000f2ef4ec8,0x00000000f3780000)
  to   space 30720K, 0% used [0x00000000f8880000,0x00000000f8880000,0x00000000fa680000)
 ParOldGen       total 74240K, used 41642K [0x00000000c0000000, 0x00000000c4880000, 0x00000000eaa80000)
  object space 74240K, 56% used [0x00000000c0000000,0x00000000c28aaaf0,0x00000000c4880000)
 PSPermGen       total 21504K, used 6011K [0x00000000bae00000, 0x00000000bc300000, 0x00000000c0000000)
  object space 21504K, 27% used [0x00000000bae00000,0x00000000bb3deea8,0x00000000bc300000)
}
Event: 8,027 GC heap before
{Heap before GC invocations=11 (full 1):
 PSYoungGen      total 144384K, used 135635K [0x00000000eaa80000, 0x00000000fa680000, 0x0000000100000000)
  eden space 122880K, 100% used [0x00000000eaa80000,0x00000000f2280000,0x00000000f2280000)
  from space 21504K, 59% used [0x00000000f2280000,0x00000000f2ef4ec8,0x00000000f3780000)
  to   space 30720K, 0% used [0x00000000f8880000,0x00000000f8880000,0x00000000fa680000)
 ParOldGen       total 74240K, used 41642K [0x00000000c0000000, 0x00000000c4880000, 0x00000000eaa80000)
  object space 74240K, 56% used [0x00000000c0000000,0x00000000c28aaaf0,0x00000000c4880000)
 PSPermGen       total 21504K, used 6027K [0x00000000bae00000, 0x00000000bc300000, 0x00000000c0000000)
  object space 21504K, 28% used [0x00000000bae00000,0x00000000bb3e2f58,0x00000000bc300000)
Event: 8,097 GC heap after
Heap after GC invocations=11 (full 1):
 PSYoungGen      total 202752K, used 27693K [0x00000000eaa80000, 0x00000000fa400000, 0x0000000100000000)
  eden space 174592K, 0% used [0x00000000eaa80000,0x00000000eaa80000,0x00000000f5500000)
  from space 28160K, 98% used [0x00000000f8880000,0x00000000fa38b400,0x00000000fa400000)
  to   space 34816K, 0% used [0x00000000f6000000,0x00000000f6000000,0x00000000f8200000)
 ParOldGen       total 74240K, used 46026K [0x00000000c0000000, 0x00000000c4880000, 0x00000000eaa80000)
  object space 74240K, 61% used [0x00000000c0000000,0x00000000c2cf2af0,0x00000000c4880000)
 PSPermGen       total 21504K, used 6027K [0x00000000bae00000, 0x00000000bc300000, 0x00000000c0000000)
  object space 21504K, 28% used [0x00000000bae00000,0x00000000bb3e2f58,0x00000000bc300000)
}
Event: 8,569 GC heap before
{Heap before GC invocations=12 (full 1):
 PSYoungGen      total 202752K, used 202285K [0x00000000eaa80000, 0x00000000fa400000, 0x0000000100000000)
  eden space 174592K, 100% used [0x00000000eaa80000,0x00000000f5500000,0x00000000f5500000)
  from space 28160K, 98% used [0x00000000f8880000,0x00000000fa38b400,0x00000000fa400000)
  to   space 34816K, 0% used [0x00000000f6000000,0x00000000f6000000,0x00000000f8200000)
 ParOldGen       total 74240K, used 46026K [0x00000000c0000000, 0x00000000c4880000, 0x00000000eaa80000)
  object space 74240K, 61% used [0x00000000c0000000,0x00000000c2cf2af0,0x00000000c4880000)
 PSPermGen       total 21504K, used 6032K [0x00000000bae00000, 0x00000000bc300000, 0x00000000c0000000)
  object space 21504K, 28% used [0x00000000bae00000,0x00000000bb3e4190,0x00000000bc300000)

