# JRE version: Java(TM) SE Runtime Environment (7.0_80-b15) (build 1.7.0_80-b15)
# Java VM: Java HotSpot(TM) 64-Bit Server VM (24.80-b11 mixed mode linux-amd64 compressed oops)
Heap
 PSYoungGen      total 121344K, used 0K [0x00000000f5500000, 0x0000000100000000, 0x0000000100000000)
  eden space 73728K, 0% used [0x00000000f5500000,0x00000000f5500000,0x00000000f9d00000)
  from space 47616K, 0% used [0x00000000f9d00000,0x00000000f9d00000,0x00000000fcb80000)
  to   space 46592K, 0% used [0x00000000fd280000,0x00000000fd280000,0x0000000100000000)
 ParOldGen       total 224768K, used 222635K [0x00000000e0000000, 0x00000000edb80000, 0x00000000f5500000)
  object space 224768K, 99% used [0x00000000e0000000,0x00000000ed96ac48,0x00000000edb80000)
 PSPermGen       total 21504K, used 6084K [0x00000000dae00000, 0x00000000dc300000, 0x00000000e0000000)
  object space 21504K, 28% used [0x00000000dae00000,0x00000000db3f13a0,0x00000000dc300000)
GC Heap History (10 events):
Event: 10,733 GC heap after
Heap after GC invocations=22 (full 3):
 PSYoungGen      total 118272K, used 21546K [0x00000000f5500000, 0x0000000100000000, 0x0000000100000000)
  eden space 61440K, 0% used [0x00000000f5500000,0x00000000f5500000,0x00000000f9100000)
  from space 56832K, 37% used [0x00000000f9100000,0x00000000fa60ab70,0x00000000fc880000)
  to   space 53760K, 0% used [0x00000000fcb80000,0x00000000fcb80000,0x0000000100000000)
 ParOldGen       total 224768K, used 163370K [0x00000000e0000000, 0x00000000edb80000, 0x00000000f5500000)
  object space 224768K, 72% used [0x00000000e0000000,0x00000000e9f8a928,0x00000000edb80000)
 PSPermGen       total 21504K, used 6072K [0x00000000dae00000, 0x00000000dc300000, 0x00000000e0000000)
  object space 21504K, 28% used [0x00000000dae00000,0x00000000db3ee000,0x00000000dc300000)
}
Event: 10,890 GC heap before
{Heap before GC invocations=23 (full 3):
 PSYoungGen      total 118272K, used 82986K [0x00000000f5500000, 0x0000000100000000, 0x0000000100000000)
  eden space 61440K, 100% used [0x00000000f5500000,0x00000000f9100000,0x00000000f9100000)
  from space 56832K, 37% used [0x00000000f9100000,0x00000000fa60ab70,0x00000000fc880000)
  to   space 53760K, 0% used [0x00000000fcb80000,0x00000000fcb80000,0x0000000100000000)
 ParOldGen       total 224768K, used 163370K [0x00000000e0000000, 0x00000000edb80000, 0x00000000f5500000)
  object space 224768K, 72% used [0x00000000e0000000,0x00000000e9f8a928,0x00000000edb80000)
 PSPermGen       total 21504K, used 6072K [0x00000000dae00000, 0x00000000dc300000, 0x00000000e0000000)
  object space 21504K, 28% used [0x00000000dae00000,0x00000000db3ee2c8,0x00000000dc300000)
Event: 10,933 GC heap after
Heap after GC invocations=23 (full 3):
 PSYoungGen      total 111104K, used 18457K [0x00000000f5500000, 0x00000000ff900000, 0x0000000100000000)
  eden space 64512K, 0% used [0x00000000f5500000,0x00000000f5500000,0x00000000f9400000)
  from space 46592K, 39% used [0x00000000fcb80000,0x00000000fdd86690,0x00000000ff900000)
  to   space 51712K, 0% used [0x00000000f9400000,0x00000000f9400000,0x00000000fc680000)
 ParOldGen       total 224768K, used 175211K [0x00000000e0000000, 0x00000000edb80000, 0x00000000f5500000)
  object space 224768K, 77% used [0x00000000e0000000,0x00000000eab1afe8,0x00000000edb80000)
 PSPermGen       total 21504K, used 6072K [0x00000000dae00000, 0x00000000dc300000, 0x00000000e0000000)
  object space 21504K, 28% used [0x00000000dae00000,0x00000000db3ee2c8,0x00000000dc300000)
}
Event: 11,073 GC heap before
{Heap before GC invocations=24 (full 3):
 PSYoungGen      total 111104K, used 82969K [0x00000000f5500000, 0x00000000ff900000, 0x0000000100000000)
  eden space 64512K, 100% used [0x00000000f5500000,0x00000000f9400000,0x00000000f9400000)
  from space 46592K, 39% used [0x00000000fcb80000,0x00000000fdd86690,0x00000000ff900000)
  to   space 51712K, 0% used [0x00000000f9400000,0x00000000f9400000,0x00000000fc680000)
 ParOldGen       total 224768K, used 175211K [0x00000000e0000000, 0x00000000edb80000, 0x00000000f5500000)
  object space 224768K, 77% used [0x00000000e0000000,0x00000000eab1afe8,0x00000000edb80000)
 PSPermGen       total 21504K, used 6075K [0x00000000dae00000, 0x00000000dc300000, 0x00000000e0000000)
  object space 21504K, 28% used [0x00000000dae00000,0x00000000db3eee88,0x00000000dc300000)
Event: 11,107 GC heap after
Heap after GC invocations=24 (full 3):
 PSYoungGen      total 116224K, used 19228K [0x00000000f5500000, 0x0000000100000000, 0x0000000100000000)
  eden space 64512K, 0% used [0x00000000f5500000,0x00000000f5500000,0x00000000f9400000)
  from space 51712K, 37% used [0x00000000f9400000,0x00000000fa6c7340,0x00000000fc680000)
  to   space 49664K, 0% used [0x00000000fcf80000,0x00000000fcf80000,0x0000000100000000)
 ParOldGen       total 224768K, used 184553K [0x00000000e0000000, 0x00000000edb80000, 0x00000000f5500000)
  object space 224768K, 82% used [0x00000000e0000000,0x00000000eb43a598,0x00000000edb80000)
 PSPermGen       total 21504K, used 6075K [0x00000000dae00000, 0x00000000dc300000, 0x00000000e0000000)
  object space 21504K, 28% used [0x00000000dae00000,0x00000000db3eee88,0x00000000dc300000)
}
Event: 11,255 GC heap before
{Heap before GC invocations=25 (full 3):
 PSYoungGen      total 116224K, used 83740K [0x00000000f5500000, 0x0000000100000000, 0x0000000100000000)
  eden space 64512K, 100% used [0x00000000f5500000,0x00000000f9400000,0x00000000f9400000)
  from space 51712K, 37% used [0x00000000f9400000,0x00000000fa6c7340,0x00000000fc680000)
  to   space 49664K, 0% used [0x00000000fcf80000,0x00000000fcf80000,0x0000000100000000)
 ParOldGen       total 224768K, used 184553K [0x00000000e0000000, 0x00000000edb80000, 0x00000000f5500000)
  object space 224768K, 82% used [0x00000000e0000000,0x00000000eb43a598,0x00000000edb80000)
 PSPermGen       total 21504K, used 6079K [0x00000000dae00000, 0x00000000dc300000, 0x00000000e0000000)
  object space 21504K, 28% used [0x00000000dae00000,0x00000000db3efd20,0x00000000dc300000)
Event: 11,491 GC heap after
Heap after GC invocations=25 (full 3):
 PSYoungGen      total 117248K, used 19662K [0x00000000f5500000, 0x00000000ffa00000, 0x0000000100000000)
  eden space 73728K, 0% used [0x00000000f5500000,0x00000000f5500000,0x00000000f9d00000)
  from space 43520K, 45% used [0x00000000fcf80000,0x00000000fe2b3a40,0x00000000ffa00000)
  to   space 47616K, 0% used [0x00000000f9d00000,0x00000000f9d00000,0x00000000fcb80000)
 ParOldGen       total 224768K, used 193343K [0x00000000e0000000, 0x00000000edb80000, 0x00000000f5500000)
  object space 224768K, 86% used [0x00000000e0000000,0x00000000ebccfea8,0x00000000edb80000)
 PSPermGen       total 21504K, used 6079K [0x00000000dae00000, 0x00000000dc300000, 0x00000000e0000000)
  object space 21504K, 28% used [0x00000000dae00000,0x00000000db3efd20,0x00000000dc300000)
}
Event: 11,658 GC heap before
{Heap before GC invocations=26 (full 3):
 PSYoungGen      total 117248K, used 93390K [0x00000000f5500000, 0x00000000ffa00000, 0x0000000100000000)
  eden space 73728K, 100% used [0x00000000f5500000,0x00000000f9d00000,0x00000000f9d00000)
  from space 43520K, 45% used [0x00000000fcf80000,0x00000000fe2b3a40,0x00000000ffa00000)
  to   space 47616K, 0% used [0x00000000f9d00000,0x00000000f9d00000,0x00000000fcb80000)
 ParOldGen       total 224768K, used 193343K [0x00000000e0000000, 0x00000000edb80000, 0x00000000f5500000)
  object space 224768K, 86% used [0x00000000e0000000,0x00000000ebccfea8,0x00000000edb80000)
 PSPermGen       total 21504K, used 6085K [0x00000000dae00000, 0x00000000dc300000, 0x00000000e0000000)
  object space 21504K, 28% used [0x00000000dae00000,0x00000000db3f1480,0x00000000dc300000)
Event: 12,072 GC heap after
Heap after GC invocations=26 (full 3):
 PSYoungGen      total 121344K, used 11174K [0x00000000f5500000, 0x0000000100000000, 0x0000000100000000)
  eden space 73728K, 0% used [0x00000000f5500000,0x00000000f5500000,0x00000000f9d00000)
  from space 47616K, 23% used [0x00000000f9d00000,0x00000000fa7e9968,0x00000000fcb80000)
  to   space 46592K, 0% used [0x00000000fd280000,0x00000000fd280000,0x0000000100000000)
 ParOldGen       total 224768K, used 212372K [0x00000000e0000000, 0x00000000edb80000, 0x00000000f5500000)
  object space 224768K, 94% used [0x00000000e0000000,0x00000000ecf65138,0x00000000edb80000)
 PSPermGen       total 21504K, used 6085K [0x00000000dae00000, 0x00000000dc300000, 0x00000000e0000000)
  object space 21504K, 28% used [0x00000000dae00000,0x00000000db3f1480,0x00000000dc300000)
}
Event: 12,072 GC heap before
{Heap before GC invocations=27 (full 4):
 PSYoungGen      total 121344K, used 11174K [0x00000000f5500000, 0x0000000100000000, 0x0000000100000000)
  eden space 73728K, 0% used [0x00000000f5500000,0x00000000f5500000,0x00000000f9d00000)
  from space 47616K, 23% used [0x00000000f9d00000,0x00000000fa7e9968,0x00000000fcb80000)
  to   space 46592K, 0% used [0x00000000fd280000,0x00000000fd280000,0x0000000100000000)
 ParOldGen       total 224768K, used 212372K [0x00000000e0000000, 0x00000000edb80000, 0x00000000f5500000)
  object space 224768K, 94% used [0x00000000e0000000,0x00000000ecf65138,0x00000000edb80000)
 PSPermGen       total 21504K, used 6085K [0x00000000dae00000, 0x00000000dc300000, 0x00000000e0000000)
  object space 21504K, 28% used [0x00000000dae00000,0x00000000db3f1480,0x00000000dc300000)

