# JRE version: Java(TM) SE Runtime Environment (7.0_80-b15) (build 1.7.0_80-b15)
# Java VM: Java HotSpot(TM) 64-Bit Server VM (24.80-b11 mixed mode linux-amd64 compressed oops)
Heap
 PSYoungGen      total 134656K, used 0K [0x00000000f5500000, 0x00000000ffb00000, 0x0000000100000000)
  eden space 105472K, 0% used [0x00000000f5500000,0x00000000f5500000,0x00000000fbc00000)
  from space 29184K, 0% used [0x00000000fde80000,0x00000000fde80000,0x00000000ffb00000)
  to   space 32256K, 0% used [0x00000000fbc00000,0x00000000fbc00000,0x00000000fdb80000)
 ParOldGen       total 207360K, used 199844K [0x00000000e0000000, 0x00000000eca80000, 0x00000000f5500000)
  object space 207360K, 96% used [0x00000000e0000000,0x00000000ec329328,0x00000000eca80000)
 PSPermGen       total 21504K, used 6083K [0x00000000dae00000, 0x00000000dc300000, 0x00000000e0000000)
  object space 21504K, 28% used [0x00000000dae00000,0x00000000db3f0d60,0x00000000dc300000)
GC Heap History (10 events):
Event: 10,129 GC heap after
Heap after GC invocations=17 (full 3):
 PSYoungGen      total 125952K, used 2442K [0x00000000f5500000, 0x00000000ffa00000, 0x0000000100000000)
  eden space 90112K, 0% used [0x00000000f5500000,0x00000000f5500000,0x00000000fad00000)
  from space 35840K, 6% used [0x00000000fd700000,0x00000000fd962820,0x00000000ffa00000)
  to   space 39424K, 0% used [0x00000000fad00000,0x00000000fad00000,0x00000000fd380000)
 ParOldGen       total 207360K, used 142806K [0x00000000e0000000, 0x00000000eca80000, 0x00000000f5500000)
  object space 207360K, 68% used [0x00000000e0000000,0x00000000e8b75a70,0x00000000eca80000)
 PSPermGen       total 21504K, used 6068K [0x00000000dae00000, 0x00000000dc300000, 0x00000000e0000000)
  object space 21504K, 28% used [0x00000000dae00000,0x00000000db3ed0f8,0x00000000dc300000)
}
Event: 10,323 GC heap before
{Heap before GC invocations=18 (full 3):
 PSYoungGen      total 125952K, used 92554K [0x00000000f5500000, 0x00000000ffa00000, 0x0000000100000000)
  eden space 90112K, 100% used [0x00000000f5500000,0x00000000fad00000,0x00000000fad00000)
  from space 35840K, 6% used [0x00000000fd700000,0x00000000fd962820,0x00000000ffa00000)
  to   space 39424K, 0% used [0x00000000fad00000,0x00000000fad00000,0x00000000fd380000)
 ParOldGen       total 207360K, used 142806K [0x00000000e0000000, 0x00000000eca80000, 0x00000000f5500000)
  object space 207360K, 68% used [0x00000000e0000000,0x00000000e8b75a70,0x00000000eca80000)
 PSPermGen       total 21504K, used 6072K [0x00000000dae00000, 0x00000000dc300000, 0x00000000e0000000)
  object space 21504K, 28% used [0x00000000dae00000,0x00000000db3ee350,0x00000000dc300000)
Event: 10,359 GC heap after
Heap after GC invocations=18 (full 3):
 PSYoungGen      total 129536K, used 13131K [0x00000000f5500000, 0x0000000100000000, 0x0000000100000000)
  eden space 90112K, 0% used [0x00000000f5500000,0x00000000f5500000,0x00000000fad00000)
  from space 39424K, 33% used [0x00000000fad00000,0x00000000fb9d2c80,0x00000000fd380000)
  to   space 37888K, 0% used [0x00000000fdb00000,0x00000000fdb00000,0x0000000100000000)
 ParOldGen       total 207360K, used 144774K [0x00000000e0000000, 0x00000000eca80000, 0x00000000f5500000)
  object space 207360K, 69% used [0x00000000e0000000,0x00000000e8d61a70,0x00000000eca80000)
 PSPermGen       total 21504K, used 6072K [0x00000000dae00000, 0x00000000dc300000, 0x00000000e0000000)
  object space 21504K, 28% used [0x00000000dae00000,0x00000000db3ee350,0x00000000dc300000)
}
Event: 10,536 GC heap before
{Heap before GC invocations=19 (full 3):
 PSYoungGen      total 129536K, used 103243K [0x00000000f5500000, 0x0000000100000000, 0x0000000100000000)
  eden space 90112K, 100% used [0x00000000f5500000,0x00000000fad00000,0x00000000fad00000)
  from space 39424K, 33% used [0x00000000fad00000,0x00000000fb9d2c80,0x00000000fd380000)
  to   space 37888K, 0% used [0x00000000fdb00000,0x00000000fdb00000,0x0000000100000000)
 ParOldGen       total 207360K, used 144774K [0x00000000e0000000, 0x00000000eca80000, 0x00000000f5500000)
  object space 207360K, 69% used [0x00000000e0000000,0x00000000e8d61a70,0x00000000eca80000)
 PSPermGen       total 21504K, used 6079K [0x00000000dae00000, 0x00000000dc300000, 0x00000000e0000000)
  object space 21504K, 28% used [0x00000000dae00000,0x00000000db3efe48,0x00000000dc300000)
Event: 10,608 GC heap after
Heap after GC invocations=19 (full 3):
 PSYoungGen      total 130048K, used 14101K [0x00000000f5500000, 0x00000000ffa80000, 0x0000000100000000)
  eden space 97792K, 0% used [0x00000000f5500000,0x00000000f5500000,0x00000000fb480000)
  from space 32256K, 43% used [0x00000000fdb00000,0x00000000fe8c5408,0x00000000ffa80000)
  to   space 35840K, 0% used [0x00000000fb480000,0x00000000fb480000,0x00000000fd780000)
 ParOldGen       total 207360K, used 157402K [0x00000000e0000000, 0x00000000eca80000, 0x00000000f5500000)
  object space 207360K, 75% used [0x00000000e0000000,0x00000000e99b6a10,0x00000000eca80000)
 PSPermGen       total 21504K, used 6079K [0x00000000dae00000, 0x00000000dc300000, 0x00000000e0000000)
  object space 21504K, 28% used [0x00000000dae00000,0x00000000db3efe48,0x00000000dc300000)
}
Event: 10,799 GC heap before
{Heap before GC invocations=20 (full 3):
 PSYoungGen      total 130048K, used 111893K [0x00000000f5500000, 0x00000000ffa80000, 0x0000000100000000)
  eden space 97792K, 100% used [0x00000000f5500000,0x00000000fb480000,0x00000000fb480000)
  from space 32256K, 43% used [0x00000000fdb00000,0x00000000fe8c5408,0x00000000ffa80000)
  to   space 35840K, 0% used [0x00000000fb480000,0x00000000fb480000,0x00000000fd780000)
 ParOldGen       total 207360K, used 157402K [0x00000000e0000000, 0x00000000eca80000, 0x00000000f5500000)
  object space 207360K, 75% used [0x00000000e0000000,0x00000000e99b6a10,0x00000000eca80000)
 PSPermGen       total 21504K, used 6080K [0x00000000dae00000, 0x00000000dc300000, 0x00000000e0000000)
  object space 21504K, 28% used [0x00000000dae00000,0x00000000db3f0210,0x00000000dc300000)
Event: 10,971 GC heap after
Heap after GC invocations=20 (full 3):
 PSYoungGen      total 133632K, used 15729K [0x00000000f5500000, 0x00000000fff80000, 0x0000000100000000)
  eden space 97792K, 0% used [0x00000000f5500000,0x00000000f5500000,0x00000000fb480000)
  from space 35840K, 43% used [0x00000000fb480000,0x00000000fc3dc6c8,0x00000000fd780000)
  to   space 33792K, 0% used [0x00000000fde80000,0x00000000fde80000,0x00000000fff80000)
 ParOldGen       total 207360K, used 171104K [0x00000000e0000000, 0x00000000eca80000, 0x00000000f5500000)
  object space 207360K, 82% used [0x00000000e0000000,0x00000000ea718240,0x00000000eca80000)
 PSPermGen       total 21504K, used 6080K [0x00000000dae00000, 0x00000000dc300000, 0x00000000e0000000)
  object space 21504K, 28% used [0x00000000dae00000,0x00000000db3f0210,0x00000000dc300000)
}
Event: 11,195 GC heap before
{Heap before GC invocations=21 (full 3):
 PSYoungGen      total 133632K, used 113521K [0x00000000f5500000, 0x00000000fff80000, 0x0000000100000000)
  eden space 97792K, 100% used [0x00000000f5500000,0x00000000fb480000,0x00000000fb480000)
  from space 35840K, 43% used [0x00000000fb480000,0x00000000fc3dc6c8,0x00000000fd780000)
  to   space 33792K, 0% used [0x00000000fde80000,0x00000000fde80000,0x00000000fff80000)
 ParOldGen       total 207360K, used 171104K [0x00000000e0000000, 0x00000000eca80000, 0x00000000f5500000)
  object space 207360K, 82% used [0x00000000e0000000,0x00000000ea718240,0x00000000eca80000)
 PSPermGen       total 21504K, used 6083K [0x00000000dae00000, 0x00000000dc300000, 0x00000000e0000000)
  object space 21504K, 28% used [0x00000000dae00000,0x00000000db3f0e80,0x00000000dc300000)
Event: 11,253 GC heap after
Heap after GC invocations=21 (full 3):
 PSYoungGen      total 134656K, used 14973K [0x00000000f5500000, 0x00000000ffb00000, 0x0000000100000000)
  eden space 105472K, 0% used [0x00000000f5500000,0x00000000f5500000,0x00000000fbc00000)
  from space 29184K, 51% used [0x00000000fde80000,0x00000000fed1f778,0x00000000ffb00000)
  to   space 32256K, 0% used [0x00000000fbc00000,0x00000000fbc00000,0x00000000fdb80000)
 ParOldGen       total 207360K, used 186140K [0x00000000e0000000, 0x00000000eca80000, 0x00000000f5500000)
  object space 207360K, 89% used [0x00000000e0000000,0x00000000eb5c7010,0x00000000eca80000)
 PSPermGen       total 21504K, used 6083K [0x00000000dae00000, 0x00000000dc300000, 0x00000000e0000000)
  object space 21504K, 28% used [0x00000000dae00000,0x00000000db3f0e80,0x00000000dc300000)
}
Event: 11,253 GC heap before
{Heap before GC invocations=22 (full 4):
 PSYoungGen      total 134656K, used 14973K [0x00000000f5500000, 0x00000000ffb00000, 0x0000000100000000)
  eden space 105472K, 0% used [0x00000000f5500000,0x00000000f5500000,0x00000000fbc00000)
  from space 29184K, 51% used [0x00000000fde80000,0x00000000fed1f778,0x00000000ffb00000)
  to   space 32256K, 0% used [0x00000000fbc00000,0x00000000fbc00000,0x00000000fdb80000)
 ParOldGen       total 207360K, used 186140K [0x00000000e0000000, 0x00000000eca80000, 0x00000000f5500000)
  object space 207360K, 89% used [0x00000000e0000000,0x00000000eb5c7010,0x00000000eca80000)
 PSPermGen       total 21504K, used 6083K [0x00000000dae00000, 0x00000000dc300000, 0x00000000e0000000)
  object space 21504K, 28% used [0x00000000dae00000,0x00000000db3f0e80,0x00000000dc300000)

