# JRE version: Java(TM) SE Runtime Environment (7.0_80-b15) (build 1.7.0_80-b15)
# Java VM: Java HotSpot(TM) 64-Bit Server VM (24.80-b11 mixed mode linux-amd64 compressed oops)
Heap
 PSYoungGen      total 114176K, used 25086K [0x00000000f5500000, 0x0000000100000000, 0x0000000100000000)
  eden space 58368K, 0% used [0x00000000f5500000,0x00000000f5500000,0x00000000f8e00000)
  from space 55808K, 44% used [0x00000000fc980000,0x00000000fe1ff920,0x0000000100000000)
  to   space 58368K, 0% used [0x00000000f8e00000,0x00000000f8e00000,0x00000000fc700000)
 ParOldGen       total 138752K, used 138523K [0x00000000e0000000, 0x00000000e8780000, 0x00000000f5500000)
  object space 138752K, 99% used [0x00000000e0000000,0x00000000e8746cb0,0x00000000e8780000)
 PSPermGen       total 21504K, used 6071K [0x00000000dae00000, 0x00000000dc300000, 0x00000000e0000000)
  object space 21504K, 28% used [0x00000000dae00000,0x00000000db3edcd8,0x00000000dc300000)
GC Heap History (10 events):
Event: 9,424 GC heap after
Heap after GC invocations=14 (full 2):
 PSYoungGen      total 124928K, used 22413K [0x00000000f5500000, 0x00000000ffd00000, 0x0000000100000000)
  eden space 82944K, 0% used [0x00000000f5500000,0x00000000f5500000,0x00000000fa600000)
  from space 41984K, 53% used [0x00000000fd400000,0x00000000fe9e3738,0x00000000ffd00000)
  to   space 44544K, 0% used [0x00000000fa600000,0x00000000fa600000,0x00000000fd180000)
 ParOldGen       total 138752K, used 98925K [0x00000000e0000000, 0x00000000e8780000, 0x00000000f5500000)
  object space 138752K, 71% used [0x00000000e0000000,0x00000000e609b6d0,0x00000000e8780000)
 PSPermGen       total 21504K, used 6044K [0x00000000dae00000, 0x00000000dc300000, 0x00000000e0000000)
  object space 21504K, 28% used [0x00000000dae00000,0x00000000db3e7028,0x00000000dc300000)
}
Event: 9,722 GC heap before
{Heap before GC invocations=15 (full 2):
 PSYoungGen      total 124928K, used 105357K [0x00000000f5500000, 0x00000000ffd00000, 0x0000000100000000)
  eden space 82944K, 100% used [0x00000000f5500000,0x00000000fa600000,0x00000000fa600000)
  from space 41984K, 53% used [0x00000000fd400000,0x00000000fe9e3738,0x00000000ffd00000)
  to   space 44544K, 0% used [0x00000000fa600000,0x00000000fa600000,0x00000000fd180000)
 ParOldGen       total 138752K, used 98925K [0x00000000e0000000, 0x00000000e8780000, 0x00000000f5500000)
  object space 138752K, 71% used [0x00000000e0000000,0x00000000e609b6d0,0x00000000e8780000)
 PSPermGen       total 21504K, used 6056K [0x00000000dae00000, 0x00000000dc300000, 0x00000000e0000000)
  object space 21504K, 28% used [0x00000000dae00000,0x00000000db3ea060,0x00000000dc300000)
Event: 9,760 GC heap after
Heap after GC invocations=15 (full 2):
 PSYoungGen      total 118784K, used 35561K [0x00000000f5500000, 0x0000000100000000, 0x0000000100000000)
  eden space 82944K, 0% used [0x00000000f5500000,0x00000000f5500000,0x00000000fa600000)
  from space 35840K, 99% used [0x00000000fa600000,0x00000000fc8ba6e8,0x00000000fc900000)
  to   space 48128K, 0% used [0x00000000fd100000,0x00000000fd100000,0x0000000100000000)
 ParOldGen       total 138752K, used 98925K [0x00000000e0000000, 0x00000000e8780000, 0x00000000f5500000)
  object space 138752K, 71% used [0x00000000e0000000,0x00000000e609b6d0,0x00000000e8780000)
 PSPermGen       total 21504K, used 6056K [0x00000000dae00000, 0x00000000dc300000, 0x00000000e0000000)
  object space 21504K, 28% used [0x00000000dae00000,0x00000000db3ea060,0x00000000dc300000)
}
Event: 10,012 GC heap before
{Heap before GC invocations=16 (full 2):
 PSYoungGen      total 118784K, used 118505K [0x00000000f5500000, 0x0000000100000000, 0x0000000100000000)
  eden space 82944K, 100% used [0x00000000f5500000,0x00000000fa600000,0x00000000fa600000)
  from space 35840K, 99% used [0x00000000fa600000,0x00000000fc8ba6e8,0x00000000fc900000)
  to   space 48128K, 0% used [0x00000000fd100000,0x00000000fd100000,0x0000000100000000)
 ParOldGen       total 138752K, used 98925K [0x00000000e0000000, 0x00000000e8780000, 0x00000000f5500000)
  object space 138752K, 71% used [0x00000000e0000000,0x00000000e609b6d0,0x00000000e8780000)
 PSPermGen       total 21504K, used 6063K [0x00000000dae00000, 0x00000000dc300000, 0x00000000e0000000)
  object space 21504K, 28% used [0x00000000dae00000,0x00000000db3ebd18,0x00000000dc300000)
Event: 10,055 GC heap after
Heap after GC invocations=16 (full 2):
 PSYoungGen      total 111616K, used 47853K [0x00000000f5500000, 0x0000000100000000, 0x0000000100000000)
  eden space 63488K, 0% used [0x00000000f5500000,0x00000000f5500000,0x00000000f9300000)
  from space 48128K, 99% used [0x00000000fd100000,0x00000000fffbb480,0x0000000100000000)
  to   space 55808K, 0% used [0x00000000f9300000,0x00000000f9300000,0x00000000fc980000)
 ParOldGen       total 138752K, used 98925K [0x00000000e0000000, 0x00000000e8780000, 0x00000000f5500000)
  object space 138752K, 71% used [0x00000000e0000000,0x00000000e609b6d0,0x00000000e8780000)
 PSPermGen       total 21504K, used 6063K [0x00000000dae00000, 0x00000000dc300000, 0x00000000e0000000)
  object space 21504K, 28% used [0x00000000dae00000,0x00000000db3ebd18,0x00000000dc300000)
}
Event: 10,241 GC heap before
{Heap before GC invocations=17 (full 2):
 PSYoungGen      total 111616K, used 111341K [0x00000000f5500000, 0x0000000100000000, 0x0000000100000000)
  eden space 63488K, 100% used [0x00000000f5500000,0x00000000f9300000,0x00000000f9300000)
  from space 48128K, 99% used [0x00000000fd100000,0x00000000fffbb480,0x0000000100000000)
  to   space 55808K, 0% used [0x00000000f9300000,0x00000000f9300000,0x00000000fc980000)
 ParOldGen       total 138752K, used 98925K [0x00000000e0000000, 0x00000000e8780000, 0x00000000f5500000)
  object space 138752K, 71% used [0x00000000e0000000,0x00000000e609b6d0,0x00000000e8780000)
 PSPermGen       total 21504K, used 6065K [0x00000000dae00000, 0x00000000dc300000, 0x00000000e0000000)
  object space 21504K, 28% used [0x00000000dae00000,0x00000000db3ec758,0x00000000dc300000)
Event: 10,290 GC heap after
Heap after GC invocations=17 (full 2):
 PSYoungGen      total 119296K, used 55683K [0x00000000f5500000, 0x0000000100000000, 0x0000000100000000)
  eden space 63488K, 0% used [0x00000000f5500000,0x00000000f5500000,0x00000000f9300000)
  from space 55808K, 99% used [0x00000000f9300000,0x00000000fc960d20,0x00000000fc980000)
  to   space 55808K, 0% used [0x00000000fc980000,0x00000000fc980000,0x0000000100000000)
 ParOldGen       total 138752K, used 98925K [0x00000000e0000000, 0x00000000e8780000, 0x00000000f5500000)
  object space 138752K, 71% used [0x00000000e0000000,0x00000000e609b6d0,0x00000000e8780000)
 PSPermGen       total 21504K, used 6065K [0x00000000dae00000, 0x00000000dc300000, 0x00000000e0000000)
  object space 21504K, 28% used [0x00000000dae00000,0x00000000db3ec758,0x00000000dc300000)
}
Event: 10,449 GC heap before
{Heap before GC invocations=18 (full 2):
 PSYoungGen      total 119296K, used 119171K [0x00000000f5500000, 0x0000000100000000, 0x0000000100000000)
  eden space 63488K, 100% used [0x00000000f5500000,0x00000000f9300000,0x00000000f9300000)
  from space 55808K, 99% used [0x00000000f9300000,0x00000000fc960d20,0x00000000fc980000)
  to   space 55808K, 0% used [0x00000000fc980000,0x00000000fc980000,0x0000000100000000)
 ParOldGen       total 138752K, used 98925K [0x00000000e0000000, 0x00000000e8780000, 0x00000000f5500000)
  object space 138752K, 71% used [0x00000000e0000000,0x00000000e609b6d0,0x00000000e8780000)
 PSPermGen       total 21504K, used 6071K [0x00000000dae00000, 0x00000000dc300000, 0x00000000e0000000)
  object space 21504K, 28% used [0x00000000dae00000,0x00000000db3ede78,0x00000000dc300000)
Event: 10,508 GC heap after
Heap after GC invocations=18 (full 2):
 PSYoungGen      total 114176K, used 44217K [0x00000000f5500000, 0x0000000100000000, 0x0000000100000000)
  eden space 58368K, 0% used [0x00000000f5500000,0x00000000f5500000,0x00000000f8e00000)
  from space 55808K, 79% used [0x00000000fc980000,0x00000000ff4ae708,0x0000000100000000)
  to   space 58368K, 0% used [0x00000000f8e00000,0x00000000f8e00000,0x00000000fc700000)
 ParOldGen       total 138752K, used 120990K [0x00000000e0000000, 0x00000000e8780000, 0x00000000f5500000)
  object space 138752K, 87% used [0x00000000e0000000,0x00000000e7627b60,0x00000000e8780000)
 PSPermGen       total 21504K, used 6071K [0x00000000dae00000, 0x00000000dc300000, 0x00000000e0000000)
  object space 21504K, 28% used [0x00000000dae00000,0x00000000db3ede78,0x00000000dc300000)
}
Event: 10,508 GC heap before
{Heap before GC invocations=19 (full 3):
 PSYoungGen      total 114176K, used 44217K [0x00000000f5500000, 0x0000000100000000, 0x0000000100000000)
  eden space 58368K, 0% used [0x00000000f5500000,0x00000000f5500000,0x00000000f8e00000)
  from space 55808K, 79% used [0x00000000fc980000,0x00000000ff4ae708,0x0000000100000000)
  to   space 58368K, 0% used [0x00000000f8e00000,0x00000000f8e00000,0x00000000fc700000)
 ParOldGen       total 138752K, used 120990K [0x00000000e0000000, 0x00000000e8780000, 0x00000000f5500000)
  object space 138752K, 87% used [0x00000000e0000000,0x00000000e7627b60,0x00000000e8780000)
 PSPermGen       total 21504K, used 6071K [0x00000000dae00000, 0x00000000dc300000, 0x00000000e0000000)
  object space 21504K, 28% used [0x00000000dae00000,0x00000000db3ede78,0x00000000dc300000)

